Using pre-set license
Built from '2020.2/staging' branch; Version is '2020.2.6f1 (8a2143876886) revision 9052483'; Using compiler version '192528614'; Build Type 'Release'
OS: 'Windows 10 Home; OS build 18363.1556; Version 1909; 64bit' Language: 'en' Physical Memory: 16308 MB
BatchMode: 1, IsHumanControllingUs: 0, StartBugReporterOnCrash: 0, Is64bit: 1, IsPro: 0

 COMMAND LINE ARGUMENTS:
C:\Program Files\Unity\Hub\Editor\2020.2.6f1\Editor\Unity.exe
-adb2
-batchMode
-noUpm
-name
AssetImportWorker0
-projectPath
D:/labyrinthe
-logFile
Logs/AssetImportWorker0.log
-srvPort
57849
Successfully changed project path to: D:/labyrinthe
D:/labyrinthe
Using Asset Import Pipeline V2.
Refreshing native plugins compatible for Editor in 31.71 ms, found 0 plugins.
Preloading 0 native plugins for Editor in 0.00 ms.
Initialize engine version: 2020.2.6f1 (8a2143876886)
[Subsystems] Discovering subsystems at path C:/Program Files/Unity/Hub/Editor/2020.2.6f1/Editor/Data/Resources/UnitySubsystems
[Subsystems] Discovering subsystems at path D:/labyrinthe/Assets
GfxDevice: creating device client; threaded=0
Direct3D:
    Version:  Direct3D 11.0 [level 11.1]
    Renderer: NVIDIA GeForce GTX 1070 Ti (ID=0x1b82)
    Vendor:   
    VRAM:     8079 MB
    Driver:   27.21.14.6647
Initialize mono
Mono path[0] = 'C:/Program Files/Unity/Hub/Editor/2020.2.6f1/Editor/Data/Managed'
Mono path[1] = 'C:/Program Files/Unity/Hub/Editor/2020.2.6f1/Editor/Data/MonoBleedingEdge/lib/mono/unityjit'
Mono config path = 'C:/Program Files/Unity/Hub/Editor/2020.2.6f1/Editor/Data/MonoBleedingEdge/etc'
Using monoOptions --debugger-agent=transport=dt_socket,embedding=1,server=y,suspend=n,address=127.0.0.1:56772
Begin MonoManager ReloadAssembly
Registering precompiled unity dll's ...
Register platform support module: C:/Program Files/Unity/Hub/Editor/2020.2.6f1/Editor/Data/PlaybackEngines/WindowsStandaloneSupport/UnityEditor.WindowsStandalone.Extensions.dll
Registered in 0.005033 seconds.
Native extension for WindowsStandalone target not found
Refreshing native plugins compatible for Editor in 28.18 ms, found 0 plugins.
Preloading 0 native plugins for Editor in 0.00 ms.
Invoked RoslynAnalysisRunner static constructor.
RoslynAnalysisRunner will not be running.
RoslynAnalysisRunner has terminated.
Mono: successfully reloaded assembly
- Completed reload, in  1.427 seconds
Platform modules already initialized, skipping
Registering precompiled user dll's ...
Registered in 0.001396 seconds.
Begin MonoManager ReloadAssembly
Native extension for WindowsStandalone target not found
Refreshing native plugins compatible for Editor in 0.36 ms, found 0 plugins.
Preloading 0 native plugins for Editor in 0.00 ms.
Invoked RoslynAnalysisRunner static constructor.
RoslynAnalysisRunner will not be running.
RoslynAnalysisRunner has terminated.
Mono: successfully reloaded assembly
- Completed reload, in  0.795 seconds
Platform modules already initialized, skipping
========================================================================
Worker process is ready to serve import requests
Launched and connected shader compiler UnityShaderCompiler.exe after 0.05 seconds
Refreshing native plugins compatible for Editor in 0.39 ms, found 0 plugins.
Preloading 0 native plugins for Editor in 0.00 ms.
Unloading 1546 Unused Serialized files (Serialized files now loaded: 0)
System memory in use before: 80.5 MB.
System memory in use after: 80.6 MB.

Unloading 33 unused Assets to reduce memory usage. Loaded Objects now: 1979.
Total: 2.686400 ms (FindLiveObjects: 0.140700 ms CreateObjectMapping: 0.047000 ms MarkObjects: 2.393000 ms  DeleteObjects: 0.104700 ms)

========================================================================
Received Import Request.
  path: Assets/Textures
  artifactKey: Guid(9275ca89120b82e4a94e9495ea345f8c) Importer(815301076,1909f56bfc062723c751e8b465ee728b)
Start importing Assets/Textures using Guid(9275ca89120b82e4a94e9495ea345f8c) Importer(815301076,1909f56bfc062723c751e8b465ee728b)  -> (artifact id: 'a1f5785214b06932e75e8eaf77c09561') in 0.016171 seconds
  Import took 0.019378 seconds .

========================================================================
Received Import Request.
  Time since last request: 0.000279 seconds.
  path: Assets/Textures/door.jpg
  artifactKey: Guid(50900bf3a55ff18459f6d7f242c84929) Importer(815301076,1909f56bfc062723c751e8b465ee728b)
Start importing Assets/Textures/door.jpg using Guid(50900bf3a55ff18459f6d7f242c84929) Importer(815301076,1909f56bfc062723c751e8b465ee728b)  -> (artifact id: 'be6d7de342264ecdd5153065f6b57ae4') in 0.072939 seconds
  Import took 0.075646 seconds .

========================================================================
Received Import Request.
  Time since last request: 13.827987 seconds.
  path: Assets/Scenes/Level1.unity
  artifactKey: Guid(9af4eb8c50f2255409cbf80c875e0e33) Importer(815301076,1909f56bfc062723c751e8b465ee728b)
Start importing Assets/Scenes/Level1.unity using Guid(9af4eb8c50f2255409cbf80c875e0e33) Importer(815301076,1909f56bfc062723c751e8b465ee728b)  -> (artifact id: '6ff24ead1a625333abc7dfd45c0ae11c') in 0.006879 seconds
  Import took 0.009077 seconds .

========================================================================
Received Import Request.
  Time since last request: 127.128114 seconds.
  path: Assets/Scenes/Level2.unity
  artifactKey: Guid(07676aa1970c3164c9fbfb388c2dc332) Importer(815301076,1909f56bfc062723c751e8b465ee728b)
Start importing Assets/Scenes/Level2.unity using Guid(07676aa1970c3164c9fbfb388c2dc332) Importer(815301076,1909f56bfc062723c751e8b465ee728b)  -> (artifact id: '59b22eed60dbb33dae442968d5a52755') in 0.007125 seconds
  Import took 0.009662 seconds .

========================================================================
Received Prepare
Registering precompiled user dll's ...
Registered in 0.001352 seconds.
Begin MonoManager ReloadAssembly
Native extension for WindowsStandalone target not found
Refreshing native plugins compatible for Editor in 0.38 ms, found 0 plugins.
Preloading 0 native plugins for Editor in 0.00 ms.
Invoked RoslynAnalysisRunner static constructor.
RoslynAnalysisRunner will not be running.
RoslynAnalysisRunner has terminated.
Mono: successfully reloaded assembly
- Completed reload, in  0.746 seconds
Platform modules already initialized, skipping
Refreshing native plugins compatible for Editor in 0.39 ms, found 0 plugins.
Preloading 0 native plugins for Editor in 0.00 ms.
Unloading 1468 Unused Serialized files (Serialized files now loaded: 0)
System memory in use before: 74.7 MB.
System memory in use after: 74.8 MB.

Unloading 24 unused Assets to reduce memory usage. Loaded Objects now: 1983.
Total: 1.452800 ms (FindLiveObjects: 0.177300 ms CreateObjectMapping: 0.053700 ms MarkObjects: 1.201800 ms  DeleteObjects: 0.019000 ms)

AssetImportWorkerClient::OnTransportError - code=2 error=End of file
